<?xml version="1.0" encoding="UTF-8"?>
<!-- Generated by org.testng.reporters.JUnitReportReporter -->
<testsuite hostname="Mahmoud" failures="0" tests="4" name="testcases.LoginTest" time="32.460" errors="0" timestamp="2022-10-03T22:31:20 EET" skipped="0">
  <testcase classname="testcases.LoginTest" name="enterValidUserAndValidPassword" time="9.476"/>
  <testcase classname="testcases.LoginTest" name="enterInvalidUserAndInvalidPassword" time="7.658"/>
  <testcase classname="testcases.LoginTest" name="enterInvalidUserAndValidPassword" time="7.770"/>
  <testcase classname="testcases.LoginTest" name="enterValidUserAndInvalidPassword" time="7.556"/>
</testsuite> <!-- testcases.LoginTest -->
